<?xml version="1.0" encoding="UTF-8"?>
<testng-results skipped="0" failed="0" ignored="0" total="1" passed="1">
  <reporter-output>
  </reporter-output>
  <suite name="Default suite" duration-ms="367" started-at="2022-03-31T11:09:10 IST" finished-at="2022-03-31T11:09:11 IST">
    <groups>
    </groups>
    <test name="Default test" duration-ms="367" started-at="2022-03-31T11:09:10 IST" finished-at="2022-03-31T11:09:11 IST">
      <class name="ttest.ttest1">
        <test-method status="PASS" signature="sql()[pri:0, instance:ttest.ttest1@170d1b1]" name="sql" duration-ms="307" started-at="2022-03-31T11:09:10 IST" finished-at="2022-03-31T11:09:11 IST">
          <reporter-output>
          </reporter-output>
        </test-method> <!-- sql -->
      </class> <!-- ttest.ttest1 -->
    </test> <!-- Default test -->
  </suite> <!-- Default suite -->
</testng-results>
